<?xml version="1.0" encoding="UTF-8"?>
<!-- Generated by org.testng.reporters.JUnitReportReporter -->
<testsuite hostname="user24" failures="0" tests="5" name="Runner.CrudTestRunner" time="12.619" errors="0" timestamp="2024-11-19T19:14:34 IST" skipped="0">
  <testcase classname="Runner.CrudTestRunner" name="runScenario" time="1.589"/>
  <system-out/>
  <testcase classname="Runner.CrudTestRunner" name="runScenario" time="0.887"/>
  <system-out/>
  <testcase classname="Runner.CrudTestRunner" name="runScenario" time="1.199"/>
  <system-out/>
  <testcase classname="Runner.CrudTestRunner" name="runScenario" time="8.147"/>
  <system-out/>
  <testcase classname="Runner.CrudTestRunner" name="runScenario" time="0.797"/>
  <system-out/>
</testsuite> <!-- Runner.CrudTestRunner -->
